C:\Program Files (x86)\Microsoft Visual Studio\2017\Enterprise\Common7\IDE\VC\VCTargets\Microsoft.CppBuild.targets(387,5): warning MSB8028: The intermediate directory (Debug\) contains files shared from another project (Transforms.vcxproj).  This can lead to incorrect clean and rebuild behavior.
  Source.cpp
c:\users\gustavo\documents\visual studio 2017\projects\projetos_gb\new hope\hellotriangle\objreader.h(56): warning C4244: 'argument': conversion from 'double' to 'GLfloat', possible loss of data
c:\users\gustavo\documents\visual studio 2017\projects\projetos_gb\new hope\hellotriangle\objreader.h(60): warning C4244: 'argument': conversion from 'double' to 'GLfloat', possible loss of data
c:\users\gustavo\documents\visual studio 2017\projects\projetos_gb\new hope\hellotriangle\objreader.h(64): warning C4244: 'argument': conversion from 'double' to 'GLfloat', possible loss of data
c:\users\gustavo\documents\visual studio 2017\projects\projetos_gb\new hope\hellotriangle\mtlreader.h(53): warning C4244: '=': conversion from 'double' to 'float', possible loss of data
c:\users\gustavo\documents\visual studio 2017\projects\projetos_gb\new hope\hellotriangle\mtlreader.h(54): warning C4244: '=': conversion from 'double' to 'float', possible loss of data
c:\users\gustavo\documents\visual studio 2017\projects\projetos_gb\new hope\hellotriangle\mtlreader.h(55): warning C4244: '=': conversion from 'double' to 'float', possible loss of data
c:\users\gustavo\documents\visual studio 2017\projects\projetos_gb\new hope\hellotriangle\mtlreader.h(57): warning C4244: '=': conversion from 'double' to 'float', possible loss of data
c:\users\gustavo\documents\visual studio 2017\projects\projetos_gb\new hope\hellotriangle\mtlreader.h(76): warning C4244: 'argument': conversion from 'double' to 'GLfloat', possible loss of data
c:\users\gustavo\documents\visual studio 2017\projects\projetos_gb\new hope\hellotriangle\source.cpp(136): warning C4244: 'initializing': conversion from 'double' to 'float', possible loss of data
c:\users\gustavo\documents\visual studio 2017\projects\projetos_gb\new hope\hellotriangle\source.cpp(214): warning C4305: '+=': truncation from 'double' to 'float'
c:\users\gustavo\documents\visual studio 2017\projects\projetos_gb\new hope\hellotriangle\source.cpp(216): warning C4305: '-=': truncation from 'double' to 'float'
c:\users\gustavo\documents\visual studio 2017\projects\projetos_gb\new hope\hellotriangle\source.cpp(259): warning C4244: '=': conversion from 'double' to 'float', possible loss of data
c:\users\gustavo\documents\visual studio 2017\projects\projetos_gb\new hope\hellotriangle\source.cpp(260): warning C4244: '=': conversion from 'double' to 'float', possible loss of data
c:\users\gustavo\documents\visual studio 2017\projects\projetos_gb\new hope\hellotriangle\source.cpp(264): warning C4244: 'initializing': conversion from 'double' to 'float', possible loss of data
c:\users\gustavo\documents\visual studio 2017\projects\projetos_gb\new hope\hellotriangle\source.cpp(265): warning C4244: 'initializing': conversion from 'double' to 'float', possible loss of data
c:\users\gustavo\documents\visual studio 2017\projects\projetos_gb\new hope\hellotriangle\source.cpp(267): warning C4244: '=': conversion from 'double' to 'float', possible loss of data
c:\users\gustavo\documents\visual studio 2017\projects\projetos_gb\new hope\hellotriangle\source.cpp(268): warning C4244: '=': conversion from 'double' to 'float', possible loss of data
c:\users\gustavo\documents\visual studio 2017\projects\projetos_gb\new hope\hellotriangle\source.cpp(277): warning C4244: 'argument': conversion from 'double' to 'float', possible loss of data
glfw3.lib(context.obj) : warning LNK4099: PDB 'glfw.pdb' was not found with 'glfw3.lib(context.obj)' or at 'C:\Users\Gustavo\Documents\Visual Studio 2017\Projects\Projetos_GB\NEW HOPE\Debug\glfw.pdb'; linking object as if no debug info
glfw3.lib(init.obj) : warning LNK4099: PDB 'glfw.pdb' was not found with 'glfw3.lib(init.obj)' or at 'C:\Users\Gustavo\Documents\Visual Studio 2017\Projects\Projetos_GB\NEW HOPE\Debug\glfw.pdb'; linking object as if no debug info
glfw3.lib(input.obj) : warning LNK4099: PDB 'glfw.pdb' was not found with 'glfw3.lib(input.obj)' or at 'C:\Users\Gustavo\Documents\Visual Studio 2017\Projects\Projetos_GB\NEW HOPE\Debug\glfw.pdb'; linking object as if no debug info
glfw3.lib(monitor.obj) : warning LNK4099: PDB 'glfw.pdb' was not found with 'glfw3.lib(monitor.obj)' or at 'C:\Users\Gustavo\Documents\Visual Studio 2017\Projects\Projetos_GB\NEW HOPE\Debug\glfw.pdb'; linking object as if no debug info
glfw3.lib(window.obj) : warning LNK4099: PDB 'glfw.pdb' was not found with 'glfw3.lib(window.obj)' or at 'C:\Users\Gustavo\Documents\Visual Studio 2017\Projects\Projetos_GB\NEW HOPE\Debug\glfw.pdb'; linking object as if no debug info
glfw3.lib(win32_init.obj) : warning LNK4099: PDB 'glfw.pdb' was not found with 'glfw3.lib(win32_init.obj)' or at 'C:\Users\Gustavo\Documents\Visual Studio 2017\Projects\Projetos_GB\NEW HOPE\Debug\glfw.pdb'; linking object as if no debug info
glfw3.lib(win32_monitor.obj) : warning LNK4099: PDB 'glfw.pdb' was not found with 'glfw3.lib(win32_monitor.obj)' or at 'C:\Users\Gustavo\Documents\Visual Studio 2017\Projects\Projetos_GB\NEW HOPE\Debug\glfw.pdb'; linking object as if no debug info
glfw3.lib(win32_time.obj) : warning LNK4099: PDB 'glfw.pdb' was not found with 'glfw3.lib(win32_time.obj)' or at 'C:\Users\Gustavo\Documents\Visual Studio 2017\Projects\Projetos_GB\NEW HOPE\Debug\glfw.pdb'; linking object as if no debug info
glfw3.lib(win32_tls.obj) : warning LNK4099: PDB 'glfw.pdb' was not found with 'glfw3.lib(win32_tls.obj)' or at 'C:\Users\Gustavo\Documents\Visual Studio 2017\Projects\Projetos_GB\NEW HOPE\Debug\glfw.pdb'; linking object as if no debug info
glfw3.lib(win32_window.obj) : warning LNK4099: PDB 'glfw.pdb' was not found with 'glfw3.lib(win32_window.obj)' or at 'C:\Users\Gustavo\Documents\Visual Studio 2017\Projects\Projetos_GB\NEW HOPE\Debug\glfw.pdb'; linking object as if no debug info
glfw3.lib(winmm_joystick.obj) : warning LNK4099: PDB 'glfw.pdb' was not found with 'glfw3.lib(winmm_joystick.obj)' or at 'C:\Users\Gustavo\Documents\Visual Studio 2017\Projects\Projetos_GB\NEW HOPE\Debug\glfw.pdb'; linking object as if no debug info
glfw3.lib(wgl_context.obj) : warning LNK4099: PDB 'glfw.pdb' was not found with 'glfw3.lib(wgl_context.obj)' or at 'C:\Users\Gustavo\Documents\Visual Studio 2017\Projects\Projetos_GB\NEW HOPE\Debug\glfw.pdb'; linking object as if no debug info
  HelloTriangle.vcxproj -> C:\Users\Gustavo\Documents\Visual Studio 2017\Projects\Projetos_GB\NEW HOPE\Debug\HelloTriangle.exe
